Arguments: 
  D:\Scoop\apps\nodejs-lts\current\node.exe D:\Scoop\apps\yarn\current\Yarn\bin\yarn.js deploy

PATH: 
  C:\Program Files (x86)\Common Files\Oracle\Java\javapath;C:\WINDOWS\system32;C:\WINDOWS;C:\WINDOWS\System32\Wbem;C:\WINDOWS\System32\WindowsPowerShell\v1.0\;C:\WINDOWS\System32\OpenSSH\;C:\Program Files\dotnet\;D:\Program Files\Microsoft VS Code\bin;D:\Scoop\apps\python\current\Scripts;D:\Scoop\apps\python\current;D:\Scoop\apps\yarn\current\global\node_modules\.bin;D:\Scoop\apps\yarn\current\Yarn\bin;D:\Scoop\apps\nodejs-lts\current\bin;D:\Scoop\apps\nodejs-lts\current;D:\Scoop\shims;C:\Users\mcysk\AppData\Local\Microsoft\WindowsApps;D:\Program Files\platform-tools\;D:\Program Files\Microsoft VS Code\bin;C:\Users\mcysk\AppData\Local\Microsoft\WindowsApps;

Yarn version: 
  1.22.15

Node version: 
  16.13.0

Platform: 
  win32 x64

Trace: 
  SyntaxError: F:\WorkSpace\Github\ob-templates\package.json: Unexpected token } in JSON at position 371
      at JSON.parse (<anonymous>)
      at D:\Scoop\apps\yarn\1.22.15\Yarn\lib\cli.js:1625:59
      at Generator.next (<anonymous>)
      at step (D:\Scoop\apps\yarn\1.22.15\Yarn\lib\cli.js:310:30)
      at D:\Scoop\apps\yarn\1.22.15\Yarn\lib\cli.js:321:13

npm manifest: 
  {
    "name": "ob-templates",
    "version": "0.0.13",
    "main": "index.js",
    "repository": "git@github.com:dmscode/Obsidian-Templates.git",
    "author": "dmscode <i@zji.me>",
    "license": "none",
    "private": true,
    "scripts": {
      "build": "yarn version --patch && node ./build/build.js",
      "deploy": "git add * && git commit -m 'Common update commit.' && git push",
    }
  }

yarn manifest: 
  No manifest

Lockfile: 
  No lockfile
